warning: unused import: `std::sync::Arc`
  --> crates/zjj-core/tests/domain_repository_mocks.rs:14:5
   |
14 | use std::sync::Arc;
   |     ^^^^^^^^^^^^^^
   |
   = note: `#[warn(unused_imports)]` (part of `#[warn(unused)]`) on by default

warning: unused import: `RepositoryError`
  --> crates/zjj-core/tests/domain_repository_mocks.rs:21:5
   |
21 |     RepositoryError, RepositoryResult, SessionRepository, WorkspaceRepository,
   |     ^^^^^^^^^^^^^^^

error[E0061]: this function takes 4 arguments but 6 arguments were supplied
   --> crates/zjj-core/tests/domain_event_serialization.rs:191:17
    |
191 |     let event = DomainEvent::queue_entry_claimed(
    |                 ^^^^^^^^^^^^^^^^^^^^^^^^^^^^^^^^
...
196 |         expires_at,
    |         ---------- unexpected argument #5 of type `DateTime<Utc>`
197 |         timestamp,
    |         --------- unexpected argument #6 of type `DateTime<Utc>`
    |
note: expected `ClaimTimestamps`, found `DateTime<Utc>`
   --> crates/zjj-core/tests/domain_event_serialization.rs:195:9
    |
195 |         claimed_at,
    |         ^^^^^^^^^^
    = note: expected struct `ClaimTimestamps`
               found struct `DateTime<Utc>`
note: associated function defined here
   --> /home/lewis/src/zjj/crates/zjj-core/src/domain/events.rs:235:12
    |
235 |     pub fn queue_entry_claimed(
    |            ^^^^^^^^^^^^^^^^^^^
help: remove the extra arguments
    |
195 -         claimed_at,
195 +         /* ClaimTimestamps */,
    |

error[E0061]: this function takes 4 arguments but 6 arguments were supplied
   --> crates/zjj-core/tests/domain_event_serialization.rs:446:9
    |
446 |         DomainEvent::queue_entry_claimed(
    |         ^^^^^^^^^^^^^^^^^^^^^^^^^^^^^^^^
...
451 |             timestamp,
    |             --------- unexpected argument #5 of type `DateTime<Utc>`
452 |             timestamp,
    |             --------- unexpected argument #6 of type `DateTime<Utc>`
    |
note: expected `ClaimTimestamps`, found `DateTime<Utc>`
   --> crates/zjj-core/tests/domain_event_serialization.rs:450:13
    |
450 |             timestamp,
    |             ^^^^^^^^^
    = note: expected struct `ClaimTimestamps`
               found struct `DateTime<Utc>`
note: associated function defined here
   --> /home/lewis/src/zjj/crates/zjj-core/src/domain/events.rs:235:12
    |
235 |     pub fn queue_entry_claimed(
    |            ^^^^^^^^^^^^^^^^^^^
help: remove the extra arguments
    |
450 -             timestamp,
450 +             /* ClaimTimestamps */,
    |

error[E0061]: this function takes 4 arguments but 6 arguments were supplied
   --> crates/zjj-core/tests/domain_event_serialization.rs:524:9
    |
524 |         DomainEvent::queue_entry_claimed(
    |         ^^^^^^^^^^^^^^^^^^^^^^^^^^^^^^^^
...
529 |             timestamp + chrono::Duration::seconds(300),
    |             ------------------------------------------ unexpected argument #5 of type `DateTime<Utc>`
530 |             timestamp,
    |             --------- unexpected argument #6 of type `DateTime<Utc>`
    |
note: expected `ClaimTimestamps`, found `DateTime<Utc>`
   --> crates/zjj-core/tests/domain_event_serialization.rs:528:13
    |
528 |             timestamp,
    |             ^^^^^^^^^
    = note: expected struct `ClaimTimestamps`
               found struct `DateTime<Utc>`
note: associated function defined here
   --> /home/lewis/src/zjj/crates/zjj-core/src/domain/events.rs:235:12
    |
235 |     pub fn queue_entry_claimed(
    |            ^^^^^^^^^^^^^^^^^^^
help: remove the extra arguments
    |
528 -             timestamp,
528 +             /* ClaimTimestamps */,
    |

error[E0061]: this function takes 4 arguments but 6 arguments were supplied
   --> crates/zjj-core/tests/domain_event_serialization.rs:690:17
    |
690 |     let event = DomainEvent::queue_entry_claimed(
    |                 ^^^^^^^^^^^^^^^^^^^^^^^^^^^^^^^^
...
695 |         timestamp,
    |         --------- unexpected argument #5 of type `DateTime<Utc>`
696 |         timestamp,
    |         --------- unexpected argument #6 of type `DateTime<Utc>`
    |
note: expected `ClaimTimestamps`, found `DateTime<Utc>`
   --> crates/zjj-core/tests/domain_event_serialization.rs:694:9
    |
694 |         timestamp,
    |         ^^^^^^^^^
    = note: expected struct `ClaimTimestamps`
               found struct `DateTime<Utc>`
note: associated function defined here
   --> /home/lewis/src/zjj/crates/zjj-core/src/domain/events.rs:235:12
    |
235 |     pub fn queue_entry_claimed(
    |            ^^^^^^^^^^^^^^^^^^^
help: remove the extra arguments
    |
694 -         timestamp,
694 +         /* ClaimTimestamps */,
    |

For more information about this error, try `rustc --explain E0061`.
error: could not compile `zjj-core` (test "domain_event_serialization") due to 4 previous errors
warning: unused doc comment
   --> crates/zjj-core/tests/cli_properties.rs:191:1
    |
191 | / /// Property: All object names are lowercase ASCII without special characters
192 | | ///
193 | | /// INVARIANT: Object names must be valid CLI tokens (lowercase, no spaces/special chars)
    | |_----------------------------------------------------------------------------------------^
    |   |
    |   rustdoc does not generate documentation for macro invocations
    |
    = help: to document an item produced by a macro, the macro must produce the documentation as part of its expansion
    = note: `#[warn(unused_doc_comments)]` (part of `#[warn(unused)]`) on by default

warning: unused doc comment
   --> crates/zjj-core/tests/cli_properties.rs:216:1
    |
216 | / /// Property: Object-action pairs follow noun-verb pattern
217 | | ///
218 | | /// INVARIANT: Every valid command is <object> <action>
    | |_------------------------------------------------------^
    |   |
    |   rustdoc does not generate documentation for macro invocations
    |
    = help: to document an item produced by a macro, the macro must produce the documentation as part of its expansion

warning: unused doc comment
   --> crates/zjj-core/tests/cli_properties.rs:321:1
    |
321 | / /// Property: SessionOutput serializes to valid JSON
322 | | ///
323 | | /// INVARIANT: All CLI output types must serialize to valid JSON
324 | | /// INVARIANT: Terminal statuses (Completed/Failed) are rejected for new sessions
    | |_--------------------------------------------------------------------------------^
    |   |
    |   rustdoc does not generate documentation for macro invocations
    |
    = help: to document an item produced by a macro, the macro must produce the documentation as part of its expansion

warning: unused doc comment
   --> crates/zjj-core/tests/cli_properties.rs:368:1
    |
368 | / /// Property: Summary serializes to valid JSON
369 | | ///
370 | | /// INVARIANT: All summary output must be valid JSON
    | |_---------------------------------------------------^
    |   |
    |   rustdoc does not generate documentation for macro invocations
    |
    = help: to document an item produced by a macro, the macro must produce the documentation as part of its expansion

warning: unused doc comment
   --> crates/zjj-core/tests/cli_properties.rs:398:1
    |
398 | / /// Property: Issue serializes to valid JSON
399 | | ///
400 | | /// INVARIANT: All issue output must be valid JSON
    | |_-------------------------------------------------^
    |   |
    |   rustdoc does not generate documentation for macro invocations
    |
    = help: to document an item produced by a macro, the macro must produce the documentation as part of its expansion

warning: unused doc comment
   --> crates/zjj-core/tests/cli_properties.rs:432:1
    |
432 | / /// Property: OutputLine variants all serialize to valid JSON
433 | | ///
434 | | /// INVARIANT: All OutputLine variants must produce valid JSON
    | |_-------------------------------------------------------------^
    |   |
    |   rustdoc does not generate documentation for macro invocations
    |
    = help: to document an item produced by a macro, the macro must produce the documentation as part of its expansion

warning: unused doc comment
   --> crates/zjj-core/tests/cli_properties.rs:457:1
    |
457 | / /// Property: JSON field names use snake_case
458 | | ///
459 | | /// INVARIANT: All JSON field names follow snake_case convention
    | |_---------------------------------------------------------------^
    |   |
    |   rustdoc does not generate documentation for macro invocations
    |
    = help: to document an item produced by a macro, the macro must produce the documentation as part of its expansion

warning: unused doc comment
   --> crates/zjj-core/tests/cli_properties.rs:492:1
    |
492 | / /// Property: Session names are validated consistently
493 | | ///
494 | | /// INVARIANT: Session name validation is consistent across all commands
    | |_-----------------------------------------------------------------------^
    |   |
    |   rustdoc does not generate documentation for macro invocations
    |
    = help: to document an item produced by a macro, the macro must produce the documentation as part of its expansion

warning: unused doc comment
   --> crates/zjj-core/tests/cli_properties.rs:524:1
    |
524 | / /// Property: Workspace paths must be absolute
525 | | ///
526 | | /// INVARIANT: Workspace paths are validated consistently
    | |_--------------------------------------------------------^
    |   |
    |   rustdoc does not generate documentation for macro invocations
    |
    = help: to document an item produced by a macro, the macro must produce the documentation as part of its expansion

warning: unused doc comment
   --> crates/zjj-core/tests/cli_properties.rs:560:1
    |
560 | / /// Property: Required vs optional arguments are consistent
561 | | ///
562 | | /// INVARIANT: Argument requirements follow consistent patterns
    | |_--------------------------------------------------------------^
    |   |
    |   rustdoc does not generate documentation for macro invocations
    |
    = help: to document an item produced by a macro, the macro must produce the documentation as part of its expansion

warning: unused doc comment
   --> crates/zjj-core/tests/cli_properties.rs:591:1
    |
591 | / /// Property: Exit code 0 means success
592 | | ///
593 | | /// INVARIANT: Exit code 0 is only returned on successful completion
    | |_-------------------------------------------------------------------^
    |   |
    |   rustdoc does not generate documentation for macro invocations
    |
    = help: to document an item produced by a macro, the macro must produce the documentation as part of its expansion

warning: unused doc comment
   --> crates/zjj-core/tests/cli_properties.rs:604:1
    |
604 | / /// Property: Non-zero exit codes indicate errors
605 | | ///
606 | | /// INVARIANT: Non-zero exit codes indicate different error categories
    | |_---------------------------------------------------------------------^
    |   |
    |   rustdoc does not generate documentation for macro invocations
    |
    = help: to document an item produced by a macro, the macro must produce the documentation as part of its expansion

warning: unused doc comment
   --> crates/zjj-core/tests/cli_properties.rs:638:1
    |
638 | / /// Property: Exit codes are in valid range
639 | | ///
640 | | /// INVARIANT: Exit codes are 0-4 (small integer range)
    | |_------------------------------------------------------^
    |   |
    |   rustdoc does not generate documentation for macro invocations
    |
    = help: to document an item produced by a macro, the macro must produce the documentation as part of its expansion

warning: unused doc comment
   --> crates/zjj-core/tests/cli_properties.rs:652:1
    |
652 | / /// Property: Error severity maps to exit codes consistently
653 | | ///
654 | | /// INVARIANT: Higher severity issues should result in higher exit codes
    | |_-----------------------------------------------------------------------^
    |   |
    |   rustdoc does not generate documentation for macro invocations
    |
    = help: to document an item produced by a macro, the macro must produce the documentation as part of its expansion

warning: unused doc comment
   --> crates/zjj-core/tests/cli_properties.rs:719:1
    |
719 | / /// Property: Timestamp fields are always present and valid
720 | | ///
721 | | /// INVARIANT: All timestamped output includes valid ISO 8601 timestamps
    | |_-----------------------------------------------------------------------^
    |   |
    |   rustdoc does not generate documentation for macro invocations
    |
    = help: to document an item produced by a macro, the macro must produce the documentation as part of its expansion

warning: unused doc comment
   --> crates/zjj-core/tests/cli_properties.rs:758:1
    |
758 | / /// Property: Summary types serialize correctly
759 | | ///
760 | | /// INVARIANT: SummaryType enum values serialize to lowercase
    | |_------------------------------------------------------------^
    |   |
    |   rustdoc does not generate documentation for macro invocations
    |
    = help: to document an item produced by a macro, the macro must produce the documentation as part of its expansion

